#
# A fatal error has been detected by the Java Runtime Environment:
#
#  EXCEPTION_ACCESS_VIOLATION (0xc0000005) at pc=0x000000018002cc90, pid=5484, tid=9056
#
# JRE version: Java(TM) SE Runtime Environment (7.0_71-b14) (build 1.7.0_71-b14)
# Java VM: Java HotSpot(TM) 64-Bit Server VM (24.71-b01 mixed mode windows-amd64 compressed oops)
# Problematic frame:
# C  [ASProxy64.dll+0x2cc90]
#
# Failed to write core dump. Minidumps are not enabled by default on client versions of Windows
#
# If you would like to submit a bug report, please visit:
#   http://bugreport.sun.com/bugreport/crash.jsp
# The crash happened outside the Java Virtual Machine in native code.
# See problematic frame for where to report the bug.
#

---------------  T H R E A D  ---------------

Current thread (0x000000000267d800):  JavaThread "main" [_thread_in_native, id=9056, stack(0x0000000002680000,0x0000000002780000)]

siginfo: ExceptionCode=0xc0000005, writing address 0x0000000000000000

Registers:
RAX=0x0000000000000000, RBX=0x000000000267d9e8, RCX=0x0000000000de8630, RDX=0x000000000277df58
RSP=0x000000000277df60, RBP=0x0000000000000000, RSI=0x000000000b36a128, RDI=0x0000000000000000
R8 =0x000000018006eb38, R9 =0x0000000000008000, R10=0x00000000768f5f80, R11=0x00000000768f5f80
R12=0x000000000b36a1b0, R13=0x000000000277e178, R14=0x000000000d646760, R15=0x0000000000000005
RIP=0x000000018002cc90, EFLAGS=0x0000000000010206

Top of Stack: (sp=0x000000000277df60)
0x000000000277df60:   0000000000000000 00000000027700a8
0x000000000277df70:   fffffffffffffffe 0000000076322d05
0x000000000277df80:   000000000267d9e8 000000018002dbf2
0x000000000277df90:   000000018006eac0 0000000000de8630
0x000000000277dfa0:   000000000dfc7480 000000000dfc7480
0x000000000277dfb0:   000000000267d800 0000000000000000
0x000000000277dfc0:   fffffffffffffffe 000000000b36a1b0
0x000000000277dfd0:   0000000000000005 000000018002db42
0x000000000277dfe0:   0000000000de8630 0000000000de8630
0x000000000277dff0:   000000000267d9e8 0000000076a48d94
0x000000000277e000:   000000000f0c5e50 000000000b36a128
0x000000000277e010:   000000000b36a128 000000000f0c5e50
0x000000000277e020:   000000000267d9e8 0000000076183702
0x000000000277e030:   0000000000de8630 000000000267d9e8
0x000000000277e040:   000000000f0c5e50 000000000b36a128
0x000000000277e050:   0000000000000002 0000000000de8630 

Instructions: (pc=0x000000018002cc90)
0x000000018002cc70:   af 04 24 83 c0 0d 89 04 24 8b 44 24 04 0f af 04
0x000000018002cc80:   24 83 c0 0e 89 04 24 8b 44 24 04 0f af 04 24 83
0x000000018002cc90:   c0 0f 89 04 24 8b 44 24 04 0f af 04 24 83 c0 10
0x000000018002cca0:   89 04 24 8b 44 24 04 0f af 04 24 83 c0 11 89 04 


Register to memory mapping:

RAX=0x0000000000000000 is an unknown value
RBX=0x000000000267d9e8 is an unknown value
RCX=0x0000000000de8630 is an unknown value
RDX=0x000000000277df58 is pointing into the stack for thread: 0x000000000267d800
RSP=0x000000000277df60 is pointing into the stack for thread: 0x000000000267d800
RBP=0x0000000000000000 is an unknown value
RSI=0x000000000b36a128 is an unknown value
RDI=0x0000000000000000 is an unknown value
R8 =0x000000018006eb38 is an unknown value
R9 =0x0000000000008000 is an unknown value
R10=0x00000000768f5f80 is an unknown value
R11=0x00000000768f5f80 is an unknown value
R12=0x000000000b36a1b0 is an unknown value
R13=0x000000000277e178 is pointing into the stack for thread: 0x000000000267d800
R14=0x000000000d646760 is an unknown value
R15=0x0000000000000005 is an unknown value


Stack: [0x0000000002680000,0x0000000002780000],  sp=0x000000000277df60,  free space=1015k
Native frames: (J=compiled Java code, j=interpreted, Vv=VM code, C=native code)
C  [ASProxy64.dll+0x2cc90]

[error occurred during error reporting (printing native stack), id 0xc0000005]

Java frames: (J=compiled Java code, j=interpreted, Vv=VM code)
j  java.net.Inet6AddressImpl.lookupAllHostAddr(Ljava/lang/String;)[Ljava/net/InetAddress;+0
j  java.net.InetAddress$1.lookupAllHostAddr(Ljava/lang/String;)[Ljava/net/InetAddress;+4
j  java.net.InetAddress.getAddressesFromNameService(Ljava/lang/String;Ljava/net/InetAddress;)[Ljava/net/InetAddress;+51
j  java.net.InetAddress.getLocalHost()Ljava/net/InetAddress;+90
j  sun.security.krb5.Config.getRealmFromDNS()Ljava/lang/String;+4
j  sun.security.krb5.Config.getDefaultRealm()Ljava/lang/String;+35
j  sun.security.krb5.PrincipalName.<init>(Ljava/lang/String;I)V+49
j  sun.security.krb5.ServiceName.<init>(Ljava/lang/String;I)V+3
j  sun.security.jgss.krb5.Krb5NameElement.getInstance(Ljava/lang/String;Lorg/ietf/jgss/Oid;)Lsun/security/jgss/krb5/Krb5NameElement;+179
j  sun.security.jgss.krb5.Krb5MechFactory.getNameElement(Ljava/lang/String;Lorg/ietf/jgss/Oid;)Lsun/security/jgss/spi/GSSNameSpi;+2
j  sun.security.jgss.GSSManagerImpl.getNameElement(Ljava/lang/String;Lorg/ietf/jgss/Oid;Lorg/ietf/jgss/Oid;)Lsun/security/jgss/spi/GSSNameSpi;+14
j  sun.security.jgss.GSSNameImpl.getElement(Lorg/ietf/jgss/Oid;)Lsun/security/jgss/spi/GSSNameSpi;+36
j  sun.security.jgss.GSSNameImpl.init(Lsun/security/jgss/GSSManagerImpl;Ljava/lang/Object;Lorg/ietf/jgss/Oid;Lorg/ietf/jgss/Oid;)V+76
j  sun.security.jgss.GSSNameImpl.<init>(Lsun/security/jgss/GSSManagerImpl;Ljava/lang/Object;Lorg/ietf/jgss/Oid;Lorg/ietf/jgss/Oid;)V+108
j  sun.security.jgss.GSSManagerImpl.createName(Ljava/lang/String;Lorg/ietf/jgss/Oid;Lorg/ietf/jgss/Oid;)Lorg/ietf/jgss/GSSName;+8
j  com.ibm.as400.access.TokenManager.getGSSToken(Ljava/lang/String;Ljava/lang/String;)[B+132
j  com.ibm.as400.access.AS400.signon(Z)V+265
j  com.ibm.as400.access.AS400.connectService(I)V+104
j  com.ibm.as400.access.AS400JDBCConnection.setProperties(Lcom/ibm/as400/access/JDDataSourceURL;Lcom/ibm/as400/access/JDProperties;Lcom/ibm/as400/access/AS400;)V+2
j  com.ibm.as400.access.AS400JDBCDriver.prepareConnection(Lcom/ibm/as400/access/AS400;Lcom/ibm/as400/access/JDDataSourceURL;Ljava/util/Properties;Lcom/ibm/as400/access/JDProperties;)Ljava/sql/Connection;+298
j  com.ibm.as400.access.AS400JDBCDriver.initializeConnection(Lcom/ibm/as400/access/JDDataSourceURL;Lcom/ibm/as400/access/JDProperties;Ljava/util/Properties;)Ljava/sql/Connection;+368
j  com.ibm.as400.access.AS400JDBCDriver.connect(Ljava/lang/String;Ljava/util/Properties;)Ljava/sql/Connection;+543
j  java.sql.DriverManager.getConnection(Ljava/lang/String;Ljava/util/Properties;Ljava/lang/Class;)Ljava/sql/Connection;+172
j  java.sql.DriverManager.getConnection(Ljava/lang/String;Ljava/lang/String;Ljava/lang/String;)Ljava/sql/Connection;+37
j  com.aser.util.DBUtil.getCon()Ljava/sql/Connection;+26
j  com.aser.view.Main.main([Ljava/lang/String;)V+5
v  ~StubRoutines::call_stub
j  sun.reflect.NativeMethodAccessorImpl.invoke0(Ljava/lang/reflect/Method;Ljava/lang/Object;[Ljava/lang/Object;)Ljava/lang/Object;+0
j  sun.reflect.NativeMethodAccessorImpl.invoke(Ljava/lang/Object;[Ljava/lang/Object;)Ljava/lang/Object;+87
j  sun.reflect.DelegatingMethodAccessorImpl.invoke(Ljava/lang/Object;[Ljava/lang/Object;)Ljava/lang/Object;+6
j  java.lang.reflect.Method.invoke(Ljava/lang/Object;[Ljava/lang/Object;)Ljava/lang/Object;+57
j  com.intellij.rt.execution.application.AppMain.main([Ljava/lang/String;)V+163
v  ~StubRoutines::call_stub

---------------  P R O C E S S  ---------------

Java Threads: ( => current thread )
  0x000000000d4ba800 JavaThread "Monitor Ctrl-Break" daemon [_thread_in_native, id=11300, stack(0x000000000ddc0000,0x000000000dec0000)]
  0x0000000002b8e800 JavaThread "Service Thread" daemon [_thread_blocked, id=11288, stack(0x000000000db40000,0x000000000dc40000)]
  0x000000000d374800 JavaThread "C2 CompilerThread1" daemon [_thread_blocked, id=11284, stack(0x000000000da40000,0x000000000db40000)]
  0x000000000d371800 JavaThread "C2 CompilerThread0" daemon [_thread_blocked, id=11280, stack(0x000000000d940000,0x000000000da40000)]
  0x0000000002b88000 JavaThread "Attach Listener" daemon [_thread_blocked, id=11276, stack(0x000000000d840000,0x000000000d940000)]
  0x0000000002b7f800 JavaThread "Signal Dispatcher" daemon [_thread_blocked, id=11272, stack(0x000000000d740000,0x000000000d840000)]
  0x000000000b371000 JavaThread "Finalizer" daemon [_thread_blocked, id=9192, stack(0x000000000d240000,0x000000000d340000)]
  0x000000000b36a800 JavaThread "Reference Handler" daemon [_thread_blocked, id=8700, stack(0x000000000d140000,0x000000000d240000)]
=>0x000000000267d800 JavaThread "main" [_thread_in_native, id=9056, stack(0x0000000002680000,0x0000000002780000)]

Other Threads:
  0x000000000b365800 VMThread [stack: 0x000000000d040000,0x000000000d140000] [id=4752]
  0x000000000d386800 WatcherThread [stack: 0x000000000dc40000,0x000000000dd40000] [id=11292]

VM state:not at safepoint (normal execution)

VM Mutex/Monitor currently owned by a thread: None

Heap
 PSYoungGen      total 38400K, used 8093K [0x00000007d5a00000, 0x00000007d8480000, 0x0000000800000000)
  eden space 33280K, 24% used [0x00000007d5a00000,0x00000007d61e7528,0x00000007d7a80000)
  from space 5120K, 0% used [0x00000007d7f80000,0x00000007d7f80000,0x00000007d8480000)
  to   space 5120K, 0% used [0x00000007d7a80000,0x00000007d7a80000,0x00000007d7f80000)
 ParOldGen       total 86528K, used 0K [0x0000000780e00000, 0x0000000786280000, 0x00000007d5a00000)
  object space 86528K, 0% used [0x0000000780e00000,0x0000000780e00000,0x0000000786280000)
 PSPermGen       total 21504K, used 6868K [0x000000077bc00000, 0x000000077d100000, 0x0000000780e00000)
  object space 21504K, 31% used [0x000000077bc00000,0x000000077c2b5398,0x000000077d100000)

Card table byte_map: [0x0000000005c50000,0x0000000006080000] byte_map_base: 0x0000000002072000

Polling page: 0x0000000000d80000

Code Cache  [0x0000000002b90000, 0x0000000002e00000, 0x0000000005b90000)
 total_blobs=290 nmethods=32 adapters=211 free_code_cache=48670Kb largest_free_block=49827520

Compilation events (10 events):
Event: 0.526 Thread 0x000000000d374800 nmethod 27 0x0000000002c08710 code [0x0000000002c08860, 0x0000000002c09228]
Event: 0.526 Thread 0x000000000d374800   28             sun.security.util.ManifestDigester::findSection (180 bytes)
Event: 0.528 Thread 0x000000000d371800 nmethod 26 0x0000000002c09450 code [0x0000000002c09660, 0x0000000002c0a350]
Event: 0.528 Thread 0x000000000d371800   29             java.lang.AbstractStringBuilder::append (29 bytes)
Event: 0.528 Thread 0x000000000d374800 nmethod 28 0x0000000002bffa90 code [0x0000000002bffbe0, 0x0000000002bffdb8]
Event: 0.530 Thread 0x000000000d371800 nmethod 29 0x0000000002c02250 code [0x0000000002c023a0, 0x0000000002c02698]
Event: 0.531 Thread 0x000000000d374800   30             java.lang.Integer::reverseBytes (26 bytes)
Event: 0.531 Thread 0x000000000d374800 nmethod 30 0x0000000002c02890 code [0x0000000002c029c0, 0x0000000002c02a38]
Event: 0.540 Thread 0x000000000d371800   32             java.lang.Math::min (11 bytes)
Event: 0.540 Thread 0x000000000d371800 nmethod 32 0x0000000002c01c90 code [0x0000000002c01dc0, 0x0000000002c01e18]

GC Heap History (0 events):
No events

Deoptimization events (0 events):
No events

Internal exceptions (10 events):
Event: 0.396 Thread 0x000000000267d800 Threw 0x00000007d5fe00f0 at C:\re\jdk7u71\1605\hotspot\src\share\vm\prims\jvm.cpp:1281
Event: 0.403 Thread 0x000000000267d800 Threw 0x00000007d5fe45d8 at C:\re\jdk7u71\1605\hotspot\src\share\vm\prims\jvm.cpp:1281
Event: 0.404 Thread 0x000000000267d800 Threw 0x00000007d5fe8c50 at C:\re\jdk7u71\1605\hotspot\src\share\vm\prims\jvm.cpp:1281
Event: 0.406 Thread 0x000000000267d800 Threw 0x00000007d5ff3168 at C:\re\jdk7u71\1605\hotspot\src\share\vm\prims\jvm.cpp:1281
Event: 0.407 Thread 0x000000000267d800 Threw 0x00000007d5ff7450 at C:\re\jdk7u71\1605\hotspot\src\share\vm\prims\jvm.cpp:1281
Event: 0.408 Thread 0x000000000267d800 Threw 0x00000007d5ffbbf0 at C:\re\jdk7u71\1605\hotspot\src\share\vm\prims\jvm.cpp:1281
Event: 0.409 Thread 0x000000000267d800 Threw 0x00000007d6000210 at C:\re\jdk7u71\1605\hotspot\src\share\vm\prims\jvm.cpp:1281
Event: 0.413 Thread 0x000000000267d800 Threw 0x00000007d60063c0 at C:\re\jdk7u71\1605\hotspot\src\share\vm\prims\jvm.cpp:1281
Event: 0.588 Thread 0x000000000267d800 Threw 0x00000007d616b2d0 at C:\re\jdk7u71\1605\hotspot\src\share\vm\prims\jni.cpp:717
Event: 0.588 Thread 0x000000000267d800 Threw 0x00000007d616b8f8 at C:\re\jdk7u71\1605\hotspot\src\share\vm\prims\jvm.cpp:1281

Events (10 events):
Event: 0.584 loading class 0x000000000d64bd40
Event: 0.585 loading class 0x000000000d64bd40 done
Event: 0.585 loading class 0x000000000d55e930
Event: 0.585 loading class 0x000000000d560430
Event: 0.586 loading class 0x000000000d560430 done
Event: 0.586 loading class 0x000000000d55e930 done
Event: 0.586 loading class 0x000000000d55e8c0
Event: 0.587 loading class 0x000000000d55e8c0 done
Event: 0.587 loading class 0x000000000d651320
Event: 0.587 loading class 0x000000000d651320 done


Dynamic libraries:
0x00007ff7b33f0000 - 0x00007ff7b3423000 	C:\Program Files\Java\jdk1.7.0_71\bin\java.exe
0x00007ffd94570000 - 0x00007ffd94716000 	C:\Windows\SYSTEM32\ntdll.dll
0x00007ffd94080000 - 0x00007ffd941ba000 	C:\Windows\system32\KERNEL32.DLL
0x00007ffd91ce0000 - 0x00007ffd91def000 	C:\Windows\system32\KERNELBASE.dll
0x00007ffd90480000 - 0x00007ffd90508000 	C:\Windows\system32\apphelp.dll
0x00007ffd855c0000 - 0x00007ffd8560f000 	C:\Windows\AppPatch\AppPatch64\AcGenral.DLL
0x00007ffd94460000 - 0x00007ffd94507000 	C:\Windows\system32\msvcrt.dll
0x00007ffd91790000 - 0x00007ffd917bb000 	C:\Windows\SYSTEM32\SspiCli.dll
0x00007ffd92540000 - 0x00007ffd92591000 	C:\Windows\system32\SHLWAPI.dll
0x00007ffd92200000 - 0x00007ffd92371000 	C:\Windows\system32\USER32.dll
0x00007ffd925a0000 - 0x00007ffd92718000 	C:\Windows\system32\ole32.dll
0x00007ffd92720000 - 0x00007ffd93b2f000 	C:\Windows\system32\SHELL32.dll
0x00007ffd91110000 - 0x00007ffd9112e000 	C:\Windows\SYSTEM32\USERENV.dll
0x00007ffd91f30000 - 0x00007ffd91fd5000 	C:\Windows\system32\ADVAPI32.dll
0x00007ffd84350000 - 0x00007ffd8436b000 	C:\Windows\SYSTEM32\MPR.dll
0x00007ffd93b90000 - 0x00007ffd93cc7000 	C:\Windows\system32\RPCRT4.dll
0x00007ffd94510000 - 0x00007ffd94567000 	C:\Windows\SYSTEM32\sechost.dll
0x00007ffd93ea0000 - 0x00007ffd94076000 	C:\Windows\SYSTEM32\combase.dll
0x00007ffd923f0000 - 0x00007ffd92534000 	C:\Windows\system32\GDI32.dll
0x00007ffd918e0000 - 0x00007ffd918f4000 	C:\Windows\SYSTEM32\profapi.dll
0x00007ffd903e0000 - 0x00007ffd9047f000 	C:\Windows\SYSTEM32\SHCORE.dll
0x00007ffd92120000 - 0x00007ffd92154000 	C:\Windows\system32\IMM32.DLL
0x00007ffd91fe0000 - 0x00007ffd92119000 	C:\Windows\system32\MSCTF.dll
0x00007ffd8f340000 - 0x00007ffd8f59a000 	C:\Windows\WinSxS\amd64_microsoft.windows.common-controls_6595b64144ccf1df_6.0.9600.17031_none_6242a4b3ecbb55a1\COMCTL32.dll
0x00000000769e0000 - 0x0000000076ab2000 	C:\Program Files\Java\jdk1.7.0_71\jre\bin\msvcr100.dll
0x0000000076200000 - 0x00000000769d3000 	C:\Program Files\Java\jdk1.7.0_71\jre\bin\server\jvm.dll
0x00007ffd8fb90000 - 0x00007ffd8fb99000 	C:\Windows\SYSTEM32\WSOCK32.dll
0x00007ffd8fb30000 - 0x00007ffd8fb4f000 	C:\Windows\SYSTEM32\WINMM.dll
0x00007ffd93e90000 - 0x00007ffd93e97000 	C:\Windows\system32\PSAPI.DLL
0x00007ffd92380000 - 0x00007ffd923d8000 	C:\Windows\system32\WS2_32.dll
0x00007ffd8faf0000 - 0x00007ffd8fb1a000 	C:\Windows\SYSTEM32\WINMMBASE.dll
0x00007ffd923e0000 - 0x00007ffd923e9000 	C:\Windows\system32\NSI.dll
0x00007ffd91a60000 - 0x00007ffd91aaa000 	C:\Windows\SYSTEM32\cfgmgr32.dll
0x00007ffd906f0000 - 0x00007ffd90716000 	C:\Windows\SYSTEM32\DEVOBJ.dll
0x00000000761f0000 - 0x00000000761ff000 	C:\Program Files\Java\jdk1.7.0_71\jre\bin\verify.dll
0x00000000761c0000 - 0x00000000761e8000 	C:\Program Files\Java\jdk1.7.0_71\jre\bin\java.dll
0x00000000761a0000 - 0x00000000761b5000 	C:\Program Files\Java\jdk1.7.0_71\jre\bin\zip.dll
0x00007ffd8a760000 - 0x00007ffd8a770000 	C:\Program Files (x86)\JetBrains\IntelliJ IDEA Community Edition 14.0.3\bin\breakgen64.dll
0x0000000076180000 - 0x0000000076199000 	C:\Program Files\Java\jdk1.7.0_71\jre\bin\net.dll
0x0000000180000000 - 0x0000000180078000 	C:\Windows\system32\ASProxy64.dll
0x00007ffd91300000 - 0x00007ffd91358000 	C:\Windows\SYSTEM32\MSWSOCK.dll
0x00007ffd90990000 - 0x00007ffd909b9000 	C:\Windows\SYSTEM32\IPHLPAPI.DLL
0x00007ffd91e60000 - 0x00007ffd91f21000 	C:\Windows\system32\OLEAUT32.dll
0x00007ffd90980000 - 0x00007ffd9098a000 	C:\Windows\SYSTEM32\VERSION.dll
0x00007ffd90970000 - 0x00007ffd9097a000 	C:\Windows\SYSTEM32\WINNSI.DLL
0x00007ffd90740000 - 0x00007ffd9074a000 	C:\Windows\SYSTEM32\kernel.appcore.dll
0x00007ffd91820000 - 0x00007ffd9182a000 	C:\Windows\SYSTEM32\CRYPTBASE.dll
0x00007ffd917c0000 - 0x00007ffd91820000 	C:\Windows\SYSTEM32\bcryptPrimitives.dll
0x00007ffd90570000 - 0x00007ffd90691000 	C:\Windows\system32\uxtheme.dll
0x00007ffd87070000 - 0x00007ffd87090000 	C:\Program Files (x86)\TeamViewer\Version8\tv_x64.dll
0x00007ffd943a0000 - 0x00007ffd94444000 	C:\Windows\SYSTEM32\clbcatq.dll
0x00007ffd91360000 - 0x00007ffd9137e000 	C:\Windows\SYSTEM32\CRYPTSP.dll
0x00007ffd90e50000 - 0x00007ffd90e85000 	C:\Windows\system32\rsaenh.dll
0x00007ffd91490000 - 0x00007ffd914b6000 	C:\Windows\SYSTEM32\bcrypt.dll
0x00007ffd91830000 - 0x00007ffd918c7000 	C:\Windows\SYSTEM32\sxs.dll
0x0000000076160000 - 0x0000000076171000 	C:\Program Files\Java\jdk1.7.0_71\jre\bin\nio.dll
0x0000000076120000 - 0x0000000076144000 	C:\Program Files\Java\jdk1.7.0_71\jre\bin\sunec.dll
0x0000000076110000 - 0x000000007611b000 	C:\Program Files\Java\jdk1.7.0_71\jre\bin\sunmscapi.dll
0x00007ffd91b00000 - 0x00007ffd91cdf000 	C:\Windows\system32\CRYPT32.dll
0x00007ffd91990000 - 0x00007ffd919a2000 	C:\Windows\system32\MSASN1.dll
0x0000000076100000 - 0x0000000076109000 	C:\Program Files\Java\jdk1.7.0_71\jre\bin\w2k_lsa_auth.dll
0x00007ffd88db0000 - 0x00007ffd88dbb000 	C:\Windows\SYSTEM32\Secur32.dll
0x00007ffd879c0000 - 0x00007ffd879d4000 	C:\Windows\system32\napinsp.dll
0x00007ffd879a0000 - 0x00007ffd879b9000 	C:\Windows\system32\pnrpnsp.dll
0x00007ffd8ee80000 - 0x00007ffd8ee9b000 	C:\Windows\system32\NLAapi.dll
0x00007ffd90ee0000 - 0x00007ffd90f83000 	C:\Windows\SYSTEM32\DNSAPI.dll
0x00007ffd87900000 - 0x00007ffd8790c000 	C:\Windows\System32\winrnr.dll
0x00007ffd878e0000 - 0x00007ffd878f3000 	C:\Windows\system32\wshbth.dll
0x0000000050030000 - 0x0000000050065000 	C:\Program Files\Bonjour\mdnsNSP.dll
0x00007ffd85fe0000 - 0x00007ffd85fe9000 	C:\Windows\System32\rasadhlp.dll
0x00007ffd8ac30000 - 0x00007ffd8ac98000 	C:\Windows\System32\fwpuclnt.dll
0x00007ffd88fe0000 - 0x00007ffd89168000 	C:\Windows\SYSTEM32\dbghelp.dll

VM Arguments:
jvm_args: -Didea.launcher.port=7532 -Didea.launcher.bin.path=C:\Program Files (x86)\JetBrains\IntelliJ IDEA Community Edition 14.0.3\bin -Dfile.encoding=UTF-8 
java_command: com.intellij.rt.execution.application.AppMain com.aser.view.Main
Launcher Type: SUN_STANDARD

Environment Variables:
PATH=C:\Program Files (x86)\NVIDIA Corporation\PhysX\Common;C:\Windows\system32;C:\Windows;C:\Windows\System32\Wbem;C:\Windows\System32\WindowsPowerShell\v1.0\;C:\ProgramData\chocolatey\bin;
USERNAME=Peter
OS=Windows_NT
PROCESSOR_IDENTIFIER=Intel64 Family 6 Model 42 Stepping 7, GenuineIntel



---------------  S Y S T E M  ---------------

OS: Windows 8.1 , 64 bit Build 9600 

CPU:total 8 (4 cores per cpu, 2 threads per core) family 6 model 42 stepping 7, cmov, cx8, fxsr, mmx, sse, sse2, sse3, ssse3, sse4.1, sse4.2, popcnt, avx, aes, ht, tsc, tscinvbit

Memory: 4k page, physical 8327732k(3460900k free), swap 9638452k(3485020k free)

vm_info: Java HotSpot(TM) 64-Bit Server VM (24.71-b01) for windows-amd64 JRE (1.7.0_71-b14), built on Sep 26 2014 16:16:12 by "java_re" with unknown MS VC++:1600

time: Thu Feb 12 22:10:11 2015
elapsed time: 0 seconds

