#
# A fatal error has been detected by the Java Runtime Environment:
#
#  EXCEPTION_ACCESS_VIOLATION (0xc0000005) at pc=0x000000018002cc90, pid=11484, tid=8172
#
# JRE version: Java(TM) SE Runtime Environment (7.0_71-b14) (build 1.7.0_71-b14)
# Java VM: Java HotSpot(TM) 64-Bit Server VM (24.71-b01 mixed mode windows-amd64 compressed oops)
# Problematic frame:
# C  [ASProxy64.dll+0x2cc90]
#
# Failed to write core dump. Minidumps are not enabled by default on client versions of Windows
#
# If you would like to submit a bug report, please visit:
#   http://bugreport.sun.com/bugreport/crash.jsp
# The crash happened outside the Java Virtual Machine in native code.
# See problematic frame for where to report the bug.
#

---------------  T H R E A D  ---------------

Current thread (0x000000000266d800):  JavaThread "main" [_thread_in_native, id=8172, stack(0x0000000002a90000,0x0000000002b90000)]

siginfo: ExceptionCode=0xc0000005, writing address 0x0000000000000000

Registers:
RAX=0x0000000000000000, RBX=0x000000000266d9e8, RCX=0x0000000000d29d50, RDX=0x0000000002b8e0f8
RSP=0x0000000002b8e100, RBP=0x0000000000000000, RSI=0x000000000b40a3c8, RDI=0x0000000000000000
R8 =0x000000018006eb38, R9 =0x0000000000008000, R10=0x00000000768f5f80, R11=0x00000000768f5f80
R12=0x000000000b40a410, R13=0x0000000002b8e310, R14=0x000000000d777160, R15=0x0000000000000003
RIP=0x000000018002cc90, EFLAGS=0x0000000000010206

Top of Stack: (sp=0x0000000002b8e100)
0x0000000002b8e100:   0000000000000000 0000000002b80048
0x0000000002b8e110:   fffffffffffffffe 0000000076322d05
0x0000000002b8e120:   000000000266d9e8 000000018002dbf2
0x0000000002b8e130:   000000018006eac0 0000000000d29d50
0x0000000002b8e140:   000000000e0e6d90 000000000e0e6d90
0x0000000002b8e150:   000000000266d800 0000000000000000
0x0000000002b8e160:   fffffffffffffffe 000000000b40a410
0x0000000002b8e170:   0000000000000003 000000018002db42
0x0000000002b8e180:   0000000000d29d50 0000000000d29d50
0x0000000002b8e190:   000000000266d9e8 0000000076a48d94
0x0000000002b8e1a0:   000000000d6bddc0 000000000b40a3c8
0x0000000002b8e1b0:   000000000b40a3c8 000000000d6bddc0
0x0000000002b8e1c0:   000000000266d9e8 0000000076183702
0x0000000002b8e1d0:   0000000000d29d50 000000000266d9e8
0x0000000002b8e1e0:   000000000d6bddc0 000000000b40a3c8
0x0000000002b8e1f0:   0000000000000001 0000000000d29d50 

Instructions: (pc=0x000000018002cc90)
0x000000018002cc70:   af 04 24 83 c0 0d 89 04 24 8b 44 24 04 0f af 04
0x000000018002cc80:   24 83 c0 0e 89 04 24 8b 44 24 04 0f af 04 24 83
0x000000018002cc90:   c0 0f 89 04 24 8b 44 24 04 0f af 04 24 83 c0 10
0x000000018002cca0:   89 04 24 8b 44 24 04 0f af 04 24 83 c0 11 89 04 


Register to memory mapping:

RAX=0x0000000000000000 is an unknown value
RBX=0x000000000266d9e8 is an unknown value
RCX=0x0000000000d29d50 is an unknown value
RDX=0x0000000002b8e0f8 is pointing into the stack for thread: 0x000000000266d800
RSP=0x0000000002b8e100 is pointing into the stack for thread: 0x000000000266d800
RBP=0x0000000000000000 is an unknown value
RSI=0x000000000b40a3c8 is an unknown value
RDI=0x0000000000000000 is an unknown value
R8 =0x000000018006eb38 is an unknown value
R9 =0x0000000000008000 is an unknown value
R10=0x00000000768f5f80 is an unknown value
R11=0x00000000768f5f80 is an unknown value
R12=0x000000000b40a410 is an unknown value
R13=0x0000000002b8e310 is pointing into the stack for thread: 0x000000000266d800
R14=0x000000000d777160 is an unknown value
R15=0x0000000000000003 is an unknown value


Stack: [0x0000000002a90000,0x0000000002b90000],  sp=0x0000000002b8e100,  free space=1016k
Native frames: (J=compiled Java code, j=interpreted, Vv=VM code, C=native code)
C  [ASProxy64.dll+0x2cc90]

[error occurred during error reporting (printing native stack), id 0xc0000005]

Java frames: (J=compiled Java code, j=interpreted, Vv=VM code)
j  java.net.Inet6AddressImpl.lookupAllHostAddr(Ljava/lang/String;)[Ljava/net/InetAddress;+0
j  java.net.InetAddress$1.lookupAllHostAddr(Ljava/lang/String;)[Ljava/net/InetAddress;+4
j  java.net.InetAddress.getAddressesFromNameService(Ljava/lang/String;Ljava/net/InetAddress;)[Ljava/net/InetAddress;+51
j  java.net.InetAddress.getLocalHost()Ljava/net/InetAddress;+90
j  sun.security.krb5.Config.getRealmFromDNS()Ljava/lang/String;+4
j  sun.security.krb5.Config.getDefaultRealm()Ljava/lang/String;+35
j  sun.security.krb5.PrincipalName.<init>(Ljava/lang/String;I)V+49
j  sun.security.krb5.ServiceName.<init>(Ljava/lang/String;I)V+3
j  sun.security.jgss.krb5.Krb5NameElement.getInstance(Ljava/lang/String;Lorg/ietf/jgss/Oid;)Lsun/security/jgss/krb5/Krb5NameElement;+179
j  sun.security.jgss.krb5.Krb5MechFactory.getNameElement(Ljava/lang/String;Lorg/ietf/jgss/Oid;)Lsun/security/jgss/spi/GSSNameSpi;+2
j  sun.security.jgss.GSSManagerImpl.getNameElement(Ljava/lang/String;Lorg/ietf/jgss/Oid;Lorg/ietf/jgss/Oid;)Lsun/security/jgss/spi/GSSNameSpi;+14
j  sun.security.jgss.GSSNameImpl.getElement(Lorg/ietf/jgss/Oid;)Lsun/security/jgss/spi/GSSNameSpi;+36
j  sun.security.jgss.GSSNameImpl.init(Lsun/security/jgss/GSSManagerImpl;Ljava/lang/Object;Lorg/ietf/jgss/Oid;Lorg/ietf/jgss/Oid;)V+76
j  sun.security.jgss.GSSNameImpl.<init>(Lsun/security/jgss/GSSManagerImpl;Ljava/lang/Object;Lorg/ietf/jgss/Oid;Lorg/ietf/jgss/Oid;)V+108
j  sun.security.jgss.GSSManagerImpl.createName(Ljava/lang/String;Lorg/ietf/jgss/Oid;Lorg/ietf/jgss/Oid;)Lorg/ietf/jgss/GSSName;+8
j  com.ibm.as400.access.TokenManager.getGSSToken(Ljava/lang/String;Ljava/lang/String;)[B+132
j  com.ibm.as400.access.AS400.signon(Z)V+265
j  com.ibm.as400.access.AS400.connectService(I)V+104
j  com.ibm.as400.access.AS400JDBCConnection.setProperties(Lcom/ibm/as400/access/JDDataSourceURL;Lcom/ibm/as400/access/JDProperties;Lcom/ibm/as400/access/AS400;)V+2
j  com.ibm.as400.access.AS400JDBCDriver.prepareConnection(Lcom/ibm/as400/access/AS400;Lcom/ibm/as400/access/JDDataSourceURL;Ljava/util/Properties;Lcom/ibm/as400/access/JDProperties;)Ljava/sql/Connection;+298
j  com.ibm.as400.access.AS400JDBCDriver.initializeConnection(Lcom/ibm/as400/access/JDDataSourceURL;Lcom/ibm/as400/access/JDProperties;Ljava/util/Properties;)Ljava/sql/Connection;+368
j  com.ibm.as400.access.AS400JDBCDriver.connect(Ljava/lang/String;Ljava/util/Properties;)Ljava/sql/Connection;+543
j  java.sql.DriverManager.getConnection(Ljava/lang/String;Ljava/util/Properties;Ljava/lang/Class;)Ljava/sql/Connection;+172
j  java.sql.DriverManager.getConnection(Ljava/lang/String;Ljava/lang/String;Ljava/lang/String;)Ljava/sql/Connection;+37
j  com.aser.util.DBUtil.getCon()Ljava/sql/Connection;+26
j  com.aser.view.Main.main([Ljava/lang/String;)V+5
v  ~StubRoutines::call_stub
j  sun.reflect.NativeMethodAccessorImpl.invoke0(Ljava/lang/reflect/Method;Ljava/lang/Object;[Ljava/lang/Object;)Ljava/lang/Object;+0
j  sun.reflect.NativeMethodAccessorImpl.invoke(Ljava/lang/Object;[Ljava/lang/Object;)Ljava/lang/Object;+87
j  sun.reflect.DelegatingMethodAccessorImpl.invoke(Ljava/lang/Object;[Ljava/lang/Object;)Ljava/lang/Object;+6
j  java.lang.reflect.Method.invoke(Ljava/lang/Object;[Ljava/lang/Object;)Ljava/lang/Object;+57
j  com.intellij.rt.execution.application.AppMain.main([Ljava/lang/String;)V+163
v  ~StubRoutines::call_stub

---------------  P R O C E S S  ---------------

Java Threads: ( => current thread )
  0x000000000d593000 JavaThread "Monitor Ctrl-Break" daemon [_thread_in_native, id=120, stack(0x000000000de50000,0x000000000df50000)]
  0x000000000d445000 JavaThread "Service Thread" daemon [_thread_blocked, id=9284, stack(0x000000000dc10000,0x000000000dd10000)]
  0x000000000d444800 JavaThread "C2 CompilerThread1" daemon [_thread_blocked, id=10924, stack(0x000000000db10000,0x000000000dc10000)]
  0x000000000d441800 JavaThread "C2 CompilerThread0" daemon [_thread_blocked, id=6496, stack(0x000000000da10000,0x000000000db10000)]
  0x0000000002c88000 JavaThread "Attach Listener" daemon [_thread_blocked, id=204, stack(0x000000000d910000,0x000000000da10000)]
  0x0000000002c81000 JavaThread "Signal Dispatcher" daemon [_thread_blocked, id=9028, stack(0x000000000d810000,0x000000000d910000)]
  0x000000000b411000 JavaThread "Finalizer" daemon [_thread_blocked, id=9808, stack(0x000000000d2f0000,0x000000000d3f0000)]
  0x000000000b40a800 JavaThread "Reference Handler" daemon [_thread_blocked, id=11628, stack(0x000000000d1f0000,0x000000000d2f0000)]
=>0x000000000266d800 JavaThread "main" [_thread_in_native, id=8172, stack(0x0000000002a90000,0x0000000002b90000)]

Other Threads:
  0x000000000b405800 VMThread [stack: 0x000000000d0f0000,0x000000000d1f0000] [id=5112]
  0x000000000d461000 WatcherThread [stack: 0x000000000dd10000,0x000000000de10000] [id=8220]

VM state:not at safepoint (normal execution)

VM Mutex/Monitor currently owned by a thread: None

Heap
 PSYoungGen      total 38400K, used 8109K [0x00000007d5a00000, 0x00000007d8480000, 0x0000000800000000)
  eden space 33280K, 24% used [0x00000007d5a00000,0x00000007d61eb7d8,0x00000007d7a80000)
  from space 5120K, 0% used [0x00000007d7f80000,0x00000007d7f80000,0x00000007d8480000)
  to   space 5120K, 0% used [0x00000007d7a80000,0x00000007d7a80000,0x00000007d7f80000)
 ParOldGen       total 86528K, used 0K [0x0000000780e00000, 0x0000000786280000, 0x00000007d5a00000)
  object space 86528K, 0% used [0x0000000780e00000,0x0000000780e00000,0x0000000786280000)
 PSPermGen       total 21504K, used 6869K [0x000000077bc00000, 0x000000077d100000, 0x0000000780e00000)
  object space 21504K, 31% used [0x000000077bc00000,0x000000077c2b5488,0x000000077d100000)

Card table byte_map: [0x0000000005c90000,0x00000000060c0000] byte_map_base: 0x00000000020b2000

Polling page: 0x0000000002650000

Code Cache  [0x0000000002c90000, 0x0000000002f00000, 0x0000000005c90000)
 total_blobs=290 nmethods=32 adapters=211 free_code_cache=48670Kb largest_free_block=49821888

Compilation events (10 events):
Event: 0.295 Thread 0x000000000d441800 nmethod 27 0x0000000002d0ba10 code [0x0000000002d0bb60, 0x0000000002d0c528]
Event: 0.295 Thread 0x000000000d441800   28             java.lang.AbstractStringBuilder::append (29 bytes)
Event: 0.295 Thread 0x000000000d444800 nmethod 26 0x0000000002d078d0 code [0x0000000002d07ae0, 0x0000000002d087d0]
Event: 0.295 Thread 0x000000000d444800   29             sun.security.util.ManifestDigester::findSection (180 bytes)
Event: 0.297 Thread 0x000000000d444800 nmethod 29 0x0000000002d0a090 code [0x0000000002d0a1e0, 0x0000000002d0a3b8]
Event: 0.298 Thread 0x000000000d441800 nmethod 28 0x0000000002d09a50 code [0x0000000002d09ba0, 0x0000000002d09e98]
Event: 0.298 Thread 0x000000000d444800   30             java.lang.Integer::reverseBytes (26 bytes)
Event: 0.299 Thread 0x000000000d444800 nmethod 30 0x0000000002d09850 code [0x0000000002d09980, 0x0000000002d099f8]
Event: 0.310 Thread 0x000000000d441800   32             java.lang.Math::min (11 bytes)
Event: 0.310 Thread 0x000000000d441800 nmethod 32 0x0000000002d095d0 code [0x0000000002d09700, 0x0000000002d09758]

GC Heap History (0 events):
No events

Deoptimization events (0 events):
No events

Internal exceptions (10 events):
Event: 0.234 Thread 0x000000000266d800 Threw 0x00000007d5fe4df8 at C:\re\jdk7u71\1605\hotspot\src\share\vm\prims\jvm.cpp:1281
Event: 0.234 Thread 0x000000000266d800 Threw 0x00000007d5fe92e0 at C:\re\jdk7u71\1605\hotspot\src\share\vm\prims\jvm.cpp:1281
Event: 0.235 Thread 0x000000000266d800 Threw 0x00000007d5fed958 at C:\re\jdk7u71\1605\hotspot\src\share\vm\prims\jvm.cpp:1281
Event: 0.236 Thread 0x000000000266d800 Threw 0x00000007d5ff8388 at C:\re\jdk7u71\1605\hotspot\src\share\vm\prims\jvm.cpp:1281
Event: 0.236 Thread 0x000000000266d800 Threw 0x00000007d5ffc650 at C:\re\jdk7u71\1605\hotspot\src\share\vm\prims\jvm.cpp:1281
Event: 0.237 Thread 0x000000000266d800 Threw 0x00000007d6000df0 at C:\re\jdk7u71\1605\hotspot\src\share\vm\prims\jvm.cpp:1281
Event: 0.237 Thread 0x000000000266d800 Threw 0x00000007d6005410 at C:\re\jdk7u71\1605\hotspot\src\share\vm\prims\jvm.cpp:1281
Event: 0.239 Thread 0x000000000266d800 Threw 0x00000007d600b5c0 at C:\re\jdk7u71\1605\hotspot\src\share\vm\prims\jvm.cpp:1281
Event: 0.316 Thread 0x000000000266d800 Threw 0x00000007d6170b38 at C:\re\jdk7u71\1605\hotspot\src\share\vm\prims\jni.cpp:717
Event: 0.316 Thread 0x000000000266d800 Threw 0x00000007d6171160 at C:\re\jdk7u71\1605\hotspot\src\share\vm\prims\jvm.cpp:1281

Events (10 events):
Event: 0.315 loading class 0x000000000d72c9a0
Event: 0.315 loading class 0x000000000d72c9a0 done
Event: 0.315 loading class 0x000000000f1390f0
Event: 0.315 loading class 0x000000000f13abf0
Event: 0.315 loading class 0x000000000f13abf0 done
Event: 0.315 loading class 0x000000000f1390f0 done
Event: 0.315 loading class 0x000000000f139080
Event: 0.315 loading class 0x000000000f139080 done
Event: 0.316 loading class 0x000000000d731f80
Event: 0.316 loading class 0x000000000d731f80 done


Dynamic libraries:
0x00007ff7b33f0000 - 0x00007ff7b3423000 	C:\Program Files\Java\jdk1.7.0_71\bin\java.exe
0x00007ffd94570000 - 0x00007ffd94716000 	C:\Windows\SYSTEM32\ntdll.dll
0x00007ffd94080000 - 0x00007ffd941ba000 	C:\Windows\system32\KERNEL32.DLL
0x00007ffd91ce0000 - 0x00007ffd91def000 	C:\Windows\system32\KERNELBASE.dll
0x00007ffd90480000 - 0x00007ffd90508000 	C:\Windows\system32\apphelp.dll
0x00007ffd8e030000 - 0x00007ffd8e07f000 	C:\Windows\AppPatch\AppPatch64\AcGenral.DLL
0x00007ffd94460000 - 0x00007ffd94507000 	C:\Windows\system32\msvcrt.dll
0x00007ffd91790000 - 0x00007ffd917bb000 	C:\Windows\SYSTEM32\SspiCli.dll
0x00007ffd92540000 - 0x00007ffd92591000 	C:\Windows\system32\SHLWAPI.dll
0x00007ffd92200000 - 0x00007ffd92371000 	C:\Windows\system32\USER32.dll
0x00007ffd925a0000 - 0x00007ffd92718000 	C:\Windows\system32\ole32.dll
0x00007ffd92720000 - 0x00007ffd93b2f000 	C:\Windows\system32\SHELL32.dll
0x00007ffd91110000 - 0x00007ffd9112e000 	C:\Windows\SYSTEM32\USERENV.dll
0x00007ffd91f30000 - 0x00007ffd91fd5000 	C:\Windows\system32\ADVAPI32.dll
0x00007ffd84350000 - 0x00007ffd8436b000 	C:\Windows\SYSTEM32\MPR.dll
0x00007ffd93b90000 - 0x00007ffd93cc7000 	C:\Windows\system32\RPCRT4.dll
0x00007ffd94510000 - 0x00007ffd94567000 	C:\Windows\SYSTEM32\sechost.dll
0x00007ffd93ea0000 - 0x00007ffd94076000 	C:\Windows\SYSTEM32\combase.dll
0x00007ffd923f0000 - 0x00007ffd92534000 	C:\Windows\system32\GDI32.dll
0x00007ffd918e0000 - 0x00007ffd918f4000 	C:\Windows\SYSTEM32\profapi.dll
0x00007ffd903e0000 - 0x00007ffd9047f000 	C:\Windows\SYSTEM32\SHCORE.dll
0x00007ffd92120000 - 0x00007ffd92154000 	C:\Windows\system32\IMM32.DLL
0x00007ffd91fe0000 - 0x00007ffd92119000 	C:\Windows\system32\MSCTF.dll
0x00007ffd8f340000 - 0x00007ffd8f59a000 	C:\Windows\WinSxS\amd64_microsoft.windows.common-controls_6595b64144ccf1df_6.0.9600.17031_none_6242a4b3ecbb55a1\COMCTL32.dll
0x00000000769e0000 - 0x0000000076ab2000 	C:\Program Files\Java\jdk1.7.0_71\jre\bin\msvcr100.dll
0x0000000076200000 - 0x00000000769d3000 	C:\Program Files\Java\jdk1.7.0_71\jre\bin\server\jvm.dll
0x00007ffd8fb90000 - 0x00007ffd8fb99000 	C:\Windows\SYSTEM32\WSOCK32.dll
0x00007ffd8fb30000 - 0x00007ffd8fb4f000 	C:\Windows\SYSTEM32\WINMM.dll
0x00007ffd93e90000 - 0x00007ffd93e97000 	C:\Windows\system32\PSAPI.DLL
0x00007ffd92380000 - 0x00007ffd923d8000 	C:\Windows\system32\WS2_32.dll
0x00007ffd8faf0000 - 0x00007ffd8fb1a000 	C:\Windows\SYSTEM32\WINMMBASE.dll
0x00007ffd923e0000 - 0x00007ffd923e9000 	C:\Windows\system32\NSI.dll
0x00007ffd91a60000 - 0x00007ffd91aaa000 	C:\Windows\SYSTEM32\cfgmgr32.dll
0x00007ffd906f0000 - 0x00007ffd90716000 	C:\Windows\SYSTEM32\DEVOBJ.dll
0x00000000761f0000 - 0x00000000761ff000 	C:\Program Files\Java\jdk1.7.0_71\jre\bin\verify.dll
0x00000000761c0000 - 0x00000000761e8000 	C:\Program Files\Java\jdk1.7.0_71\jre\bin\java.dll
0x00000000761a0000 - 0x00000000761b5000 	C:\Program Files\Java\jdk1.7.0_71\jre\bin\zip.dll
0x00007ffd8fb20000 - 0x00007ffd8fb30000 	C:\Program Files (x86)\JetBrains\IntelliJ IDEA Community Edition 14.0.3\bin\breakgen64.dll
0x0000000076180000 - 0x0000000076199000 	C:\Program Files\Java\jdk1.7.0_71\jre\bin\net.dll
0x0000000180000000 - 0x0000000180078000 	C:\Windows\system32\ASProxy64.dll
0x00007ffd91300000 - 0x00007ffd91358000 	C:\Windows\SYSTEM32\MSWSOCK.dll
0x00007ffd90990000 - 0x00007ffd909b9000 	C:\Windows\SYSTEM32\IPHLPAPI.DLL
0x00007ffd91e60000 - 0x00007ffd91f21000 	C:\Windows\system32\OLEAUT32.dll
0x00007ffd90980000 - 0x00007ffd9098a000 	C:\Windows\SYSTEM32\VERSION.dll
0x00007ffd90970000 - 0x00007ffd9097a000 	C:\Windows\SYSTEM32\WINNSI.DLL
0x00007ffd90740000 - 0x00007ffd9074a000 	C:\Windows\SYSTEM32\kernel.appcore.dll
0x00007ffd91820000 - 0x00007ffd9182a000 	C:\Windows\SYSTEM32\CRYPTBASE.dll
0x00007ffd917c0000 - 0x00007ffd91820000 	C:\Windows\SYSTEM32\bcryptPrimitives.dll
0x00007ffd90570000 - 0x00007ffd90691000 	C:\Windows\system32\uxtheme.dll
0x00007ffd87070000 - 0x00007ffd87090000 	C:\Program Files (x86)\TeamViewer\Version8\tv_x64.dll
0x00007ffd943a0000 - 0x00007ffd94444000 	C:\Windows\SYSTEM32\clbcatq.dll
0x00007ffd91360000 - 0x00007ffd9137e000 	C:\Windows\SYSTEM32\CRYPTSP.dll
0x00007ffd90e50000 - 0x00007ffd90e85000 	C:\Windows\system32\rsaenh.dll
0x00007ffd91490000 - 0x00007ffd914b6000 	C:\Windows\SYSTEM32\bcrypt.dll
0x00007ffd91830000 - 0x00007ffd918c7000 	C:\Windows\SYSTEM32\sxs.dll
0x0000000076160000 - 0x0000000076171000 	C:\Program Files\Java\jdk1.7.0_71\jre\bin\nio.dll
0x0000000076130000 - 0x0000000076154000 	C:\Program Files\Java\jdk1.7.0_71\jre\bin\sunec.dll
0x0000000076120000 - 0x000000007612b000 	C:\Program Files\Java\jdk1.7.0_71\jre\bin\sunmscapi.dll
0x00007ffd91b00000 - 0x00007ffd91cdf000 	C:\Windows\system32\CRYPT32.dll
0x00007ffd91990000 - 0x00007ffd919a2000 	C:\Windows\system32\MSASN1.dll
0x0000000076110000 - 0x0000000076119000 	C:\Program Files\Java\jdk1.7.0_71\jre\bin\w2k_lsa_auth.dll
0x00007ffd88db0000 - 0x00007ffd88dbb000 	C:\Windows\SYSTEM32\Secur32.dll
0x00007ffd879c0000 - 0x00007ffd879d4000 	C:\Windows\system32\napinsp.dll
0x00007ffd879a0000 - 0x00007ffd879b9000 	C:\Windows\system32\pnrpnsp.dll
0x00007ffd8ee80000 - 0x00007ffd8ee9b000 	C:\Windows\system32\NLAapi.dll
0x00007ffd90ee0000 - 0x00007ffd90f83000 	C:\Windows\SYSTEM32\DNSAPI.dll
0x00007ffd87900000 - 0x00007ffd8790c000 	C:\Windows\System32\winrnr.dll
0x00007ffd878e0000 - 0x00007ffd878f3000 	C:\Windows\system32\wshbth.dll
0x0000000050030000 - 0x0000000050065000 	C:\Program Files\Bonjour\mdnsNSP.dll
0x00007ffd85fe0000 - 0x00007ffd85fe9000 	C:\Windows\System32\rasadhlp.dll
0x00007ffd8ac30000 - 0x00007ffd8ac98000 	C:\Windows\System32\fwpuclnt.dll
0x00007ffd88fe0000 - 0x00007ffd89168000 	C:\Windows\SYSTEM32\dbghelp.dll

VM Arguments:
jvm_args: -Didea.launcher.port=7533 -Didea.launcher.bin.path=C:\Program Files (x86)\JetBrains\IntelliJ IDEA Community Edition 14.0.3\bin -Dfile.encoding=UTF-8 
java_command: com.intellij.rt.execution.application.AppMain com.aser.view.Main
Launcher Type: SUN_STANDARD

Environment Variables:
PATH=C:\Program Files (x86)\NVIDIA Corporation\PhysX\Common;C:\Windows\system32;C:\Windows;C:\Windows\System32\Wbem;C:\Windows\System32\WindowsPowerShell\v1.0\;C:\ProgramData\chocolatey\bin;C:\Program Files\Java\jdk1.7.0_71\bin
USERNAME=Peter
OS=Windows_NT
PROCESSOR_IDENTIFIER=Intel64 Family 6 Model 42 Stepping 7, GenuineIntel



---------------  S Y S T E M  ---------------

OS: Windows 8.1 , 64 bit Build 9600 

CPU:total 8 (4 cores per cpu, 2 threads per core) family 6 model 42 stepping 7, cmov, cx8, fxsr, mmx, sse, sse2, sse3, ssse3, sse4.1, sse4.2, popcnt, avx, aes, ht, tsc, tscinvbit

Memory: 4k page, physical 8327732k(3342628k free), swap 9638452k(3107356k free)

vm_info: Java HotSpot(TM) 64-Bit Server VM (24.71-b01) for windows-amd64 JRE (1.7.0_71-b14), built on Sep 26 2014 16:16:12 by "java_re" with unknown MS VC++:1600

time: Thu Feb 12 23:47:55 2015
elapsed time: 0 seconds

